<?xml version="1.0" encoding="UTF-8"?><testrun name="ItemRepositoryTest" project="dahan" tests="6" started="0" failures="0" errors="1" ignored="0">
  <testsuite name="com.shop.repository.ItemRepositoryTest" incomplete="true" displayname="ItemRepositoryTest" uniqueid="[engine:junit-jupiter]/[class:com.shop.repository.ItemRepositoryTest]">
    <error>java.lang.IllegalStateException: Unable to find a @SpringBootConfiguration by searching packages upwards from the test. You can use @ContextConfiguration, @SpringBootTest(classes=...) or other Spring Test supported mechanisms to explicitly declare the configuration classes to load. Classes annotated with @TestConfiguration are not considered.&#13;
	at org.springframework.util.Assert.state(Assert.java:79)&#13;
	at org.springframework.boot.test.context.SpringBootTestContextBootstrapper.findConfigurationClass(SpringBootTestContextBootstrapper.java:246)&#13;
	at org.springframework.boot.test.context.SpringBootTestContextBootstrapper.getOrFindConfigurationClasses(SpringBootTestContextBootstrapper.java:233)&#13;
	at org.springframework.boot.test.context.SpringBootTestContextBootstrapper.processMergedContextConfiguration(SpringBootTestContextBootstrapper.java:150)&#13;
	at org.springframework.test.context.support.AbstractTestContextBootstrapper.buildMergedContextConfiguration(AbstractTestContextBootstrapper.java:351)&#13;
	at org.springframework.test.context.support.AbstractTestContextBootstrapper.buildDefaultMergedContextConfiguration(AbstractTestContextBootstrapper.java:267)&#13;
	at org.springframework.test.context.support.AbstractTestContextBootstrapper.buildMergedContextConfiguration(AbstractTestContextBootstrapper.java:215)&#13;
	at org.springframework.test.context.support.AbstractTestContextBootstrapper.buildTestContext(AbstractTestContextBootstrapper.java:108)&#13;
	at org.springframework.boot.test.context.SpringBootTestContextBootstrapper.buildTestContext(SpringBootTestContextBootstrapper.java:111)&#13;
	at org.springframework.test.context.TestContextManager.&lt;init&gt;(TestContextManager.java:142)&#13;
	at org.springframework.test.context.TestContextManager.&lt;init&gt;(TestContextManager.java:126)&#13;
	at org.springframework.test.context.junit.jupiter.SpringExtension.getTestContextManager(SpringExtension.java:363)&#13;
	at org.springframework.test.context.junit.jupiter.SpringExtension.beforeAll(SpringExtension.java:128)&#13;
	at java.base/java.util.ArrayList.forEach(ArrayList.java:1597)&#13;
&#13;
</error>
    <testcase name="findByPriceLessThanOrderByPriceDesc" classname="com.shop.repository.ItemRepositoryTest" incomplete="true" displayname="가격 내림차순 조회 테스트" uniqueid="[engine:junit-jupiter]/[class:com.shop.repository.ItemRepositoryTest]/[method:findByPriceLessThanOrderByPriceDesc()]"/>
    <testcase name="findByItemNmOrItemDetailTest" classname="com.shop.repository.ItemRepositoryTest" incomplete="true" displayname="상품명 또는 상세 설명 조회 테스트" uniqueid="[engine:junit-jupiter]/[class:com.shop.repository.ItemRepositoryTest]/[method:findByItemNmOrItemDetailTest()]"/>
    <testcase name="findByPriceLessThanTest" classname="com.shop.repository.ItemRepositoryTest" incomplete="true" displayname="가격 LessThan 테스트" uniqueid="[engine:junit-jupiter]/[class:com.shop.repository.ItemRepositoryTest]/[method:findByPriceLessThanTest()]"/>
    <testcase name="findByItemNmTest" classname="com.shop.repository.ItemRepositoryTest" incomplete="true" displayname="상품명 조회 테스트" uniqueid="[engine:junit-jupiter]/[class:com.shop.repository.ItemRepositoryTest]/[method:findByItemNmTest()]"/>
    <testcase name="findByItemDetailByNative" classname="com.shop.repository.ItemRepositoryTest" incomplete="true" displayname="nativeQuery 속성을 이용한 상품 조회 테스트" uniqueid="[engine:junit-jupiter]/[class:com.shop.repository.ItemRepositoryTest]/[method:findByItemDetailByNative()]"/>
    <testcase name="createItemTest" classname="com.shop.repository.ItemRepositoryTest" incomplete="true" displayname="상품 저장 테스트" uniqueid="[engine:junit-jupiter]/[class:com.shop.repository.ItemRepositoryTest]/[method:createItemTest()]"/>
  </testsuite>
</testrun>
